[2025-10-22T22:03:27.411+0000] {local_task_job_runner.py:120} INFO - ::group::Pre task execution logs
[2025-10-22T22:03:27.454+0000] {taskinstance.py:2076} INFO - Dependencies all met for dep_context=non-requeueable deps ti=<TaskInstance: pdf_etl_local.download manual__2025-10-22T22:03:24+00:00 [queued]>
[2025-10-22T22:03:27.462+0000] {taskinstance.py:2076} INFO - Dependencies all met for dep_context=requeueable deps ti=<TaskInstance: pdf_etl_local.download manual__2025-10-22T22:03:24+00:00 [queued]>
[2025-10-22T22:03:27.462+0000] {taskinstance.py:2306} INFO - Starting attempt 1 of 1
[2025-10-22T22:03:27.476+0000] {taskinstance.py:2330} INFO - Executing <Task(PythonOperator): download> on 2025-10-22 22:03:24+00:00
[2025-10-22T22:03:27.488+0000] {standard_task_runner.py:90} INFO - Running: ['***', 'tasks', 'run', 'pdf_etl_local', 'download', 'manual__2025-10-22T22:03:24+00:00', '--job-id', '35', '--raw', '--subdir', 'DAGS_FOLDER/pdf_etl_dag.py', '--cfg-path', '/tmp/tmp2hze__g5']
[2025-10-22T22:03:27.490+0000] {standard_task_runner.py:91} INFO - Job 35: Subtask download
[2025-10-22T22:03:27.492+0000] {logging_mixin.py:188} WARNING - /home/***/.local/lib/python3.12/site-packages/***/task/task_runner/standard_task_runner.py:61 DeprecationWarning: This process (pid=266) is multi-threaded, use of fork() may lead to deadlocks in the child.
[2025-10-22T22:03:27.492+0000] {standard_task_runner.py:63} INFO - Started process 268 to run task
[2025-10-22T22:03:27.549+0000] {task_command.py:426} INFO - Running <TaskInstance: pdf_etl_local.download manual__2025-10-22T22:03:24+00:00 [running]> on host 7d74fe85b252
[2025-10-22T22:03:27.654+0000] {taskinstance.py:2648} INFO - Exporting env vars: AIRFLOW_CTX_DAG_OWNER='local' AIRFLOW_CTX_DAG_ID='pdf_etl_local' AIRFLOW_CTX_TASK_ID='download' AIRFLOW_CTX_EXECUTION_DATE='2025-10-22T22:03:24+00:00' AIRFLOW_CTX_TRY_NUMBER='1' AIRFLOW_CTX_DAG_RUN_ID='manual__2025-10-22T22:03:24+00:00'
[2025-10-22T22:03:27.655+0000] {taskinstance.py:430} INFO - ::endgroup::
[2025-10-22T22:03:27.700+0000] {taskinstance.py:441} INFO - ::group::Post task execution logs
[2025-10-22T22:03:27.700+0000] {taskinstance.py:2905} ERROR - Task failed with exception
Traceback (most recent call last):
  File "/home/airflow/.local/lib/python3.12/site-packages/airflow/models/taskinstance.py", line 465, in _execute_task
    result = _execute_callable(context=context, **execute_callable_kwargs)
             ^^^^^^^^^^^^^^^^^^^^^^^^^^^^^^^^^^^^^^^^^^^^^^^^^^^^^^^^^^^^^
  File "/home/airflow/.local/lib/python3.12/site-packages/airflow/models/taskinstance.py", line 432, in _execute_callable
    return execute_callable(context=context, **execute_callable_kwargs)
           ^^^^^^^^^^^^^^^^^^^^^^^^^^^^^^^^^^^^^^^^^^^^^^^^^^^^^^^^^^^^
  File "/home/airflow/.local/lib/python3.12/site-packages/airflow/models/baseoperator.py", line 401, in wrapper
    return func(self, *args, **kwargs)
           ^^^^^^^^^^^^^^^^^^^^^^^^^^^
  File "/home/airflow/.local/lib/python3.12/site-packages/airflow/operators/python.py", line 235, in execute
    return_value = self.execute_callable()
                   ^^^^^^^^^^^^^^^^^^^^^^^
  File "/home/airflow/.local/lib/python3.12/site-packages/airflow/operators/python.py", line 252, in execute_callable
    return self.python_callable(*self.op_args, **self.op_kwargs)
           ^^^^^^^^^^^^^^^^^^^^^^^^^^^^^^^^^^^^^^^^^^^^^^^^^^^^^
  File "/opt/airflow/dags/pdf_etl_dag.py", line 21, in _download
    return dl_main(urls_file, raw_dir)
           ^^^^^^^^^^^^^^^^^^^^^^^^^^^
  File "/opt/airflow/src/etl/downloader.py", line 31, in main
    urls = read_urls(urls_file)
           ^^^^^^^^^^^^^^^^^^^^
  File "/opt/airflow/src/etl/downloader.py", line 11, in read_urls
    with open(urls_file, "r", encoding="utf-8") as f:
         ^^^^^^^^^^^^^^^^^^^^^^^^^^^^^^^^^^^^^^
FileNotFoundError: [Errno 2] No such file or directory: '/opt/airflow/urls.txt'
[2025-10-22T22:03:27.714+0000] {taskinstance.py:1206} INFO - Marking task as FAILED. dag_id=pdf_etl_local, task_id=download, run_id=manual__2025-10-22T22:03:24+00:00, execution_date=20251022T220324, start_date=20251022T220327, end_date=20251022T220327
[2025-10-22T22:03:27.728+0000] {standard_task_runner.py:110} ERROR - Failed to execute job 35 for task download ([Errno 2] No such file or directory: '/opt/airflow/urls.txt'; 268)
[2025-10-22T22:03:27.746+0000] {local_task_job_runner.py:240} INFO - Task exited with return code 1
[2025-10-22T22:03:27.774+0000] {taskinstance.py:3503} INFO - 0 downstream tasks scheduled from follow-on schedule check
[2025-10-22T22:03:27.777+0000] {local_task_job_runner.py:222} INFO - ::endgroup::
