[2025-10-22T22:06:12.838+0000] {local_task_job_runner.py:120} INFO - ::group::Pre task execution logs
[2025-10-22T22:06:12.883+0000] {taskinstance.py:2076} INFO - Dependencies all met for dep_context=non-requeueable deps ti=<TaskInstance: pdf_etl_local.load_qdrant manual__2025-10-22T22:05:52+00:00 [queued]>
[2025-10-22T22:06:12.896+0000] {taskinstance.py:2076} INFO - Dependencies all met for dep_context=requeueable deps ti=<TaskInstance: pdf_etl_local.load_qdrant manual__2025-10-22T22:05:52+00:00 [queued]>
[2025-10-22T22:06:12.896+0000] {taskinstance.py:2306} INFO - Starting attempt 1 of 1
[2025-10-22T22:06:12.914+0000] {taskinstance.py:2330} INFO - Executing <Task(PythonOperator): load_qdrant> on 2025-10-22 22:05:52+00:00
[2025-10-22T22:06:12.932+0000] {standard_task_runner.py:90} INFO - Running: ['***', 'tasks', 'run', 'pdf_etl_local', 'load_qdrant', 'manual__2025-10-22T22:05:52+00:00', '--job-id', '39', '--raw', '--subdir', 'DAGS_FOLDER/pdf_etl_dag.py', '--cfg-path', '/tmp/tmpbsitoh_k']
[2025-10-22T22:06:12.935+0000] {standard_task_runner.py:91} INFO - Job 39: Subtask load_qdrant
[2025-10-22T22:06:12.936+0000] {logging_mixin.py:188} WARNING - /home/***/.local/lib/python3.12/site-packages/***/task/task_runner/standard_task_runner.py:61 DeprecationWarning: This process (pid=407) is multi-threaded, use of fork() may lead to deadlocks in the child.
[2025-10-22T22:06:12.937+0000] {standard_task_runner.py:63} INFO - Started process 409 to run task
[2025-10-22T22:06:13.003+0000] {task_command.py:426} INFO - Running <TaskInstance: pdf_etl_local.load_qdrant manual__2025-10-22T22:05:52+00:00 [running]> on host 7d74fe85b252
[2025-10-22T22:06:13.143+0000] {taskinstance.py:2648} INFO - Exporting env vars: AIRFLOW_CTX_DAG_OWNER='local' AIRFLOW_CTX_DAG_ID='pdf_etl_local' AIRFLOW_CTX_TASK_ID='load_qdrant' AIRFLOW_CTX_EXECUTION_DATE='2025-10-22T22:05:52+00:00' AIRFLOW_CTX_TRY_NUMBER='1' AIRFLOW_CTX_DAG_RUN_ID='manual__2025-10-22T22:05:52+00:00'
[2025-10-22T22:06:13.145+0000] {taskinstance.py:430} INFO - ::endgroup::
[2025-10-22T22:06:13.226+0000] {taskinstance.py:441} INFO - ::group::Post task execution logs
[2025-10-22T22:06:13.227+0000] {taskinstance.py:2905} ERROR - Task failed with exception
Traceback (most recent call last):
  File "/home/airflow/.local/lib/python3.12/site-packages/airflow/models/taskinstance.py", line 465, in _execute_task
    result = _execute_callable(context=context, **execute_callable_kwargs)
             ^^^^^^^^^^^^^^^^^^^^^^^^^^^^^^^^^^^^^^^^^^^^^^^^^^^^^^^^^^^^^
  File "/home/airflow/.local/lib/python3.12/site-packages/airflow/models/taskinstance.py", line 432, in _execute_callable
    return execute_callable(context=context, **execute_callable_kwargs)
           ^^^^^^^^^^^^^^^^^^^^^^^^^^^^^^^^^^^^^^^^^^^^^^^^^^^^^^^^^^^^
  File "/home/airflow/.local/lib/python3.12/site-packages/airflow/models/baseoperator.py", line 401, in wrapper
    return func(self, *args, **kwargs)
           ^^^^^^^^^^^^^^^^^^^^^^^^^^^
  File "/home/airflow/.local/lib/python3.12/site-packages/airflow/operators/python.py", line 235, in execute
    return_value = self.execute_callable()
                   ^^^^^^^^^^^^^^^^^^^^^^^
  File "/home/airflow/.local/lib/python3.12/site-packages/airflow/operators/python.py", line 252, in execute_callable
    return self.python_callable(*self.op_args, **self.op_kwargs)
           ^^^^^^^^^^^^^^^^^^^^^^^^^^^^^^^^^^^^^^^^^^^^^^^^^^^^^
  File "/opt/airflow/dags/pdf_etl_dag.py", line 45, in _load_qdrant
    return qd_main(emb_paths, qd["host"], qd["port"], etl["collection_name"], qd["vector_size"])
           ^^^^^^^^^^^^^^^^^^^^^^^^^^^^^^^^^^^^^^^^^^^^^^^^^^^^^^^^^^^^^^^^^^^^^^^^^^^^^^^^^^^^^
  File "/opt/airflow/src/etl/loader_qdrant.py", line 43, in main
    ensure_collection(client, collection, vector_size)
  File "/opt/airflow/src/etl/loader_qdrant.py", line 12, in ensure_collection
    dist = getattr(rest.Distance, distance)
           ^^^^^^^^^^^^^^^^^^^^^^^^^^^^^^^^
AttributeError: type object 'Distance' has no attribute 'Cosine'. Did you mean: 'COSINE'?
[2025-10-22T22:06:13.244+0000] {taskinstance.py:1206} INFO - Marking task as FAILED. dag_id=pdf_etl_local, task_id=load_qdrant, run_id=manual__2025-10-22T22:05:52+00:00, execution_date=20251022T220552, start_date=20251022T220612, end_date=20251022T220613
[2025-10-22T22:06:13.258+0000] {standard_task_runner.py:110} ERROR - Failed to execute job 39 for task load_qdrant (type object 'Distance' has no attribute 'Cosine'; 409)
[2025-10-22T22:06:13.311+0000] {local_task_job_runner.py:240} INFO - Task exited with return code 1
[2025-10-22T22:06:13.335+0000] {taskinstance.py:3503} INFO - 0 downstream tasks scheduled from follow-on schedule check
[2025-10-22T22:06:13.336+0000] {local_task_job_runner.py:222} INFO - ::endgroup::
