[2025-10-22T22:39:28.249+0000] {local_task_job_runner.py:120} INFO - ::group::Pre task execution logs
[2025-10-22T22:39:28.302+0000] {taskinstance.py:2076} INFO - Dependencies all met for dep_context=non-requeueable deps ti=<TaskInstance: pdf_etl_local.load_qdrant manual__2025-10-22T22:39:16.114338+00:00 [queued]>
[2025-10-22T22:39:28.313+0000] {taskinstance.py:2076} INFO - Dependencies all met for dep_context=requeueable deps ti=<TaskInstance: pdf_etl_local.load_qdrant manual__2025-10-22T22:39:16.114338+00:00 [queued]>
[2025-10-22T22:39:28.314+0000] {taskinstance.py:2306} INFO - Starting attempt 1 of 1
[2025-10-22T22:39:28.328+0000] {taskinstance.py:2330} INFO - Executing <Task(PythonOperator): load_qdrant> on 2025-10-22 22:39:16.114338+00:00
[2025-10-22T22:39:28.341+0000] {standard_task_runner.py:90} INFO - Running: ['***', 'tasks', 'run', 'pdf_etl_local', 'load_qdrant', 'manual__2025-10-22T22:39:16.114338+00:00', '--job-id', '50', '--raw', '--subdir', 'DAGS_FOLDER/pdf_etl_dag.py', '--cfg-path', '/tmp/tmpz62ykl8y']
[2025-10-22T22:39:28.343+0000] {standard_task_runner.py:91} INFO - Job 50: Subtask load_qdrant
[2025-10-22T22:39:28.345+0000] {logging_mixin.py:188} WARNING - /home/***/.local/lib/python3.12/site-packages/***/task/task_runner/standard_task_runner.py:61 DeprecationWarning: This process (pid=962) is multi-threaded, use of fork() may lead to deadlocks in the child.
[2025-10-22T22:39:28.345+0000] {standard_task_runner.py:63} INFO - Started process 966 to run task
[2025-10-22T22:39:28.405+0000] {task_command.py:426} INFO - Running <TaskInstance: pdf_etl_local.load_qdrant manual__2025-10-22T22:39:16.114338+00:00 [running]> on host 7d74fe85b252
[2025-10-22T22:39:28.514+0000] {taskinstance.py:2648} INFO - Exporting env vars: AIRFLOW_CTX_DAG_OWNER='local' AIRFLOW_CTX_DAG_ID='pdf_etl_local' AIRFLOW_CTX_TASK_ID='load_qdrant' AIRFLOW_CTX_EXECUTION_DATE='2025-10-22T22:39:16.114338+00:00' AIRFLOW_CTX_TRY_NUMBER='1' AIRFLOW_CTX_DAG_RUN_ID='manual__2025-10-22T22:39:16.114338+00:00'
[2025-10-22T22:39:28.515+0000] {taskinstance.py:430} INFO - ::endgroup::
[2025-10-22T22:39:28.700+0000] {loader_qdrant.py:25} INFO - (re)created collection pdf_chunks
[2025-10-22T22:39:28.740+0000] {taskinstance.py:441} INFO - ::group::Post task execution logs
[2025-10-22T22:39:28.741+0000] {taskinstance.py:2905} ERROR - Task failed with exception
Traceback (most recent call last):
  File "/home/airflow/.local/lib/python3.12/site-packages/airflow/models/taskinstance.py", line 465, in _execute_task
    result = _execute_callable(context=context, **execute_callable_kwargs)
             ^^^^^^^^^^^^^^^^^^^^^^^^^^^^^^^^^^^^^^^^^^^^^^^^^^^^^^^^^^^^^
  File "/home/airflow/.local/lib/python3.12/site-packages/airflow/models/taskinstance.py", line 432, in _execute_callable
    return execute_callable(context=context, **execute_callable_kwargs)
           ^^^^^^^^^^^^^^^^^^^^^^^^^^^^^^^^^^^^^^^^^^^^^^^^^^^^^^^^^^^^
  File "/home/airflow/.local/lib/python3.12/site-packages/airflow/models/baseoperator.py", line 401, in wrapper
    return func(self, *args, **kwargs)
           ^^^^^^^^^^^^^^^^^^^^^^^^^^^
  File "/home/airflow/.local/lib/python3.12/site-packages/airflow/operators/python.py", line 235, in execute
    return_value = self.execute_callable()
                   ^^^^^^^^^^^^^^^^^^^^^^^
  File "/home/airflow/.local/lib/python3.12/site-packages/airflow/operators/python.py", line 252, in execute_callable
    return self.python_callable(*self.op_args, **self.op_kwargs)
           ^^^^^^^^^^^^^^^^^^^^^^^^^^^^^^^^^^^^^^^^^^^^^^^^^^^^^
  File "/opt/airflow/dags/pdf_etl_dag.py", line 45, in _load_qdrant
    return qd_main(
           ^^^^^^^^
  File "/opt/airflow/src/etl/loader_qdrant.py", line 51, in main
    total += upsert_parquet(client, collection, p)
             ^^^^^^^^^^^^^^^^^^^^^^^^^^^^^^^^^^^^^
  File "/opt/airflow/src/etl/loader_qdrant.py", line 42, in upsert_parquet
    client.upsert(collection_name=collection, points=points)
  File "/home/airflow/.local/lib/python3.12/site-packages/qdrant_client/qdrant_client.py", line 1003, in upsert
    return self._client.upsert(
           ^^^^^^^^^^^^^^^^^^^^
  File "/home/airflow/.local/lib/python3.12/site-packages/qdrant_client/qdrant_remote.py", line 1383, in upsert
    http_result = self.openapi_client.points_api.upsert_points(
                  ^^^^^^^^^^^^^^^^^^^^^^^^^^^^^^^^^^^^^^^^^^^^^
  File "/home/airflow/.local/lib/python3.12/site-packages/qdrant_client/http/api/points_api.py", line 1439, in upsert_points
    return self._build_for_upsert_points(
           ^^^^^^^^^^^^^^^^^^^^^^^^^^^^^^
  File "/home/airflow/.local/lib/python3.12/site-packages/qdrant_client/http/api/points_api.py", line 738, in _build_for_upsert_points
    return self.api_client.request(
           ^^^^^^^^^^^^^^^^^^^^^^^^
  File "/home/airflow/.local/lib/python3.12/site-packages/qdrant_client/http/api_client.py", line 76, in request
    return self.send(request, type_)
           ^^^^^^^^^^^^^^^^^^^^^^^^^
  File "/home/airflow/.local/lib/python3.12/site-packages/qdrant_client/http/api_client.py", line 99, in send
    raise UnexpectedResponse.for_response(response)
qdrant_client.http.exceptions.UnexpectedResponse: Unexpected Response: 400 (Bad Request)
Raw response content:
b'{"status":{"error":"Format error in JSON body: value c6720d71ee6e9f0034512b7fed99787027f23f70::0 is not a valid point ID, valid values are either an unsigned integer or a UUID"},"time":0.0}'
[2025-10-22T22:39:28.767+0000] {taskinstance.py:1206} INFO - Marking task as FAILED. dag_id=pdf_etl_local, task_id=load_qdrant, run_id=manual__2025-10-22T22:39:16.114338+00:00, execution_date=20251022T223916, start_date=20251022T223928, end_date=20251022T223928
[2025-10-22T22:39:28.786+0000] {standard_task_runner.py:110} ERROR - Failed to execute job 50 for task load_qdrant (Unexpected Response: 400 (Bad Request)
Raw response content:
b'{"status":{"error":"Format error in JSON body: value c6720d71ee6e9f0034512b7fed99787027f23f70::0 is not a valid point ID, valid values are either an unsigned integer or a UUID"},"time":0.0}'; 966)
[2025-10-22T22:39:28.840+0000] {local_task_job_runner.py:240} INFO - Task exited with return code 1
[2025-10-22T22:39:28.860+0000] {taskinstance.py:3503} INFO - 0 downstream tasks scheduled from follow-on schedule check
[2025-10-22T22:39:28.861+0000] {local_task_job_runner.py:222} INFO - ::endgroup::
